<?xml version="1.0" encoding="UTF-8"?>
<!-- Generated by org.testng.reporters.JUnitReportReporter -->
<testsuite hostname="Vinod-PC" name="MyTests1.MyFirstTest1" tests="2" failures="0" timestamp="27 Jul 2017 02:46:01 GMT" time="0.005" errors="0">
  <testcase name="test2" time="0.001" classname="MyTests1.MyFirstTest1"/>
  <testcase name="test1" time="0.004" classname="MyTests1.MyFirstTest1"/>
</testsuite> <!-- MyTests1.MyFirstTest1 -->
